<?xml version="1.0" encoding="UTF-8"?>
<!-- Generated by org.testng.reporters.JUnitReportReporter -->
<testsuite skipped="0" hostname="LAPTOP-JKRBLPFM" name="loginTests.UdemyLogin" tests="1" failures="0" timestamp="13 Oct 2021 09:28:56 GMT" time="1.273" errors="0">
  <testcase name="titleTest" time="1.273" classname="loginTests.UdemyLogin"/>
</testsuite> <!-- loginTests.UdemyLogin -->
