<?xml version="1.0" encoding="UTF-8"?>
<!-- Generated by org.testng.reporters.JUnitReportReporter -->
<testsuite hostname="LAPTOP-JKRBLPFM" failures="0" tests="2" name="loginTests.AppTest" time="0.013" errors="0" timestamp="13 Oct 2021 05:28:50 GMT" skipped="0">
  <testcase classname="loginTests.AppTest" name="loginTest" time="0.001"/>
  <testcase classname="loginTests.AppTest" name="invalidLoginTest" time="0.012"/>
</testsuite> <!-- loginTests.AppTest -->
