<?xml version="1.0" encoding="UTF-8"?>
<!-- Generated by org.testng.reporters.JUnitReportReporter -->
<testsuite skipped="0" hostname="LAPTOP-JKRBLPFM" name="loginTests.NumberCompare" tests="1" failures="0" timestamp="13 Oct 2021 09:31:46 GMT" time="0.001" errors="0">
  <testcase name="checkingComparision" time="0.001" classname="loginTests.NumberCompare"/>
</testsuite> <!-- loginTests.NumberCompare -->
