<?xml version="1.0" encoding="UTF-8"?>
<!-- Generated by org.testng.reporters.JUnitReportReporter -->
<testsuite skipped="0" hostname="LAPTOP-JKRBLPFM" name="loginTests.AppTest" tests="2" failures="0" timestamp="13 Oct 2021 09:50:29 GMT" time="0.012" errors="0">
  <testcase name="invalidLoginTest" time="0.011" classname="loginTests.AppTest"/>
  <testcase name="loginTest" time="0.001" classname="loginTests.AppTest"/>
</testsuite> <!-- loginTests.AppTest -->
