<?xml version="1.0" encoding="UTF-8"?>
<!-- Generated by org.testng.reporters.JUnitReportReporter -->
<testsuite skipped="0" hostname="LAPTOP-JKRBLPFM" name="loginTests.SeleniumDev" tests="1" failures="0" timestamp="13 Oct 2021 09:50:29 GMT" time="1.204" errors="0">
  <testcase name="titleTest" time="1.204" classname="loginTests.SeleniumDev"/>
</testsuite> <!-- loginTests.SeleniumDev -->
