<?xml version="1.0" encoding="UTF-8"?>
<!-- Generated by org.testng.reporters.JUnitReportReporter -->
<testsuite skipped="0" hostname="LAPTOP-JKRBLPFM" name="loginTests.AppTest" tests="2" failures="0" timestamp="13 Oct 2021 09:31:46 GMT" time="0.010" errors="0">
  <testcase name="invalidLoginTest" time="0.010" classname="loginTests.AppTest"/>
  <testcase name="loginTest" time="0.000" classname="loginTests.AppTest"/>
</testsuite> <!-- loginTests.AppTest -->
